<?xml version="1.0" encoding="UTF-8"?>
<!-- Generated by org.testng.reporters.JUnitReportReporter -->
<testsuite hostname="WKMIN0752567" name="cucumberRunner.WebTestRunner" tests="1" failures="0" timestamp="19 Sep 2020 21:47:05 GMT" time="7.638" errors="1">
  <testcase name="feature" time="7.638" classname="cucumberRunner.WebTestRunner">
    <error type="cucumber.runtime.CucumberException" message="org.openqa.selenium.WebDriverException: unknown error: Element &lt;input class=&quot;gNO89b&quot; value=&quot;Google Search&quot; aria-label=&quot;Google Search&quot; name=&quot;btnK&quot; type=&quot;submit&quot; data-ved=&quot;0ahUKEwiYx52EmfbrAhVCz4UKHRtiCG8Q4dUDCAw&quot;&gt; is not clickable at point (522, 419). Other element would receive the click: &lt;iframe src=&quot;https://consent.google.com?hl=en-GB&amp;amp;origin=https://www.google.com&amp;amp;continue=https://www.google.com/?gws_rd%3Dssl&amp;amp;if=1&amp;amp;m=0&amp;amp;pc=s&amp;amp;wp=-1&amp;amp;gl=GB&amp;amp;uxe=4421591&quot;&gt;&lt;/iframe&gt;
  (Session info: chrome=85.0.4183.102)
  (Driver info: chromedriver=2.42.591059 (a3d9684d10d61aa0c45f6723b327283be1ebaad8),platform=Mac OS X 10.13.6 x86_64) (WARNING: The server did not provide any stacktrace information)
Command duration or timeout: 32 milliseconds
Build info: version: &#039;2.53.0&#039;, revision: &#039;35ae25b1534ae328c771e0856c93e187490ca824&#039;, time: &#039;2016-03-15 10:43:46&#039;
System info: host: &#039;WKMIN0752567&#039;, ip: &#039;192.168.1.4&#039;, os.name: &#039;Mac OS X&#039;, os.arch: &#039;x86_64&#039;, os.version: &#039;10.13.6&#039;, java.version: &#039;1.8.0_181&#039;
Driver info: org.openqa.selenium.chrome.ChromeDriver
Capabilities [{mobileEmulationEnabled=false, hasTouchScreen=false, platform=MAC, acceptSslCerts=false, goog:chromeOptions={debuggerAddress=localhost:51429}, acceptInsecureCerts=false, webStorageEnabled=true, browserName=chrome, takesScreenshot=true, javascriptEnabled=true, setWindowRect=true, unexpectedAlertBehaviour=, applicationCacheEnabled=false, rotatable=false, networkConnectionEnabled=false, chrome={chromedriverVersion=2.42.591059 (a3d9684d10d61aa0c45f6723b327283be1ebaad8), userDataDir=/var/folders/bb/clhb17617j78yz2dwvbp4v3nddkf1c/T/.org.chromium.Chromium.uJ4hQs}, takesHeapSnapshot=true, pageLoadStrategy=normal, databaseEnabled=false, handlesAlerts=true, version=85.0.4183.102, browserConnectionEnabled=false, nativeEvents=true, locationContextEnabled=true, cssSelectorsEnabled=true}]
Session ID: 8cfaded7e136fd99bdd48cff79fb8072">
      <![CDATA[cucumber.runtime.CucumberException: org.openqa.selenium.WebDriverException: unknown error: Element <input class="gNO89b" value="Google Search" aria-label="Google Search" name="btnK" type="submit" data-ved="0ahUKEwiYx52EmfbrAhVCz4UKHRtiCG8Q4dUDCAw"> is not clickable at point (522, 419). Other element would receive the click: <iframe src="https://consent.google.com?hl=en-GB&amp;origin=https://www.google.com&amp;continue=https://www.google.com/?gws_rd%3Dssl&amp;if=1&amp;m=0&amp;pc=s&amp;wp=-1&amp;gl=GB&amp;uxe=4421591"></iframe>
  (Session info: chrome=85.0.4183.102)
  (Driver info: chromedriver=2.42.591059 (a3d9684d10d61aa0c45f6723b327283be1ebaad8),platform=Mac OS X 10.13.6 x86_64) (WARNING: The server did not provide any stacktrace information)
Command duration or timeout: 32 milliseconds
Build info: version: '2.53.0', revision: '35ae25b1534ae328c771e0856c93e187490ca824', time: '2016-03-15 10:43:46'
System info: host: 'WKMIN0752567', ip: '192.168.1.4', os.name: 'Mac OS X', os.arch: 'x86_64', os.version: '10.13.6', java.version: '1.8.0_181'
Driver info: org.openqa.selenium.chrome.ChromeDriver
Capabilities [{mobileEmulationEnabled=false, hasTouchScreen=false, platform=MAC, acceptSslCerts=false, goog:chromeOptions={debuggerAddress=localhost:51429}, acceptInsecureCerts=false, webStorageEnabled=true, browserName=chrome, takesScreenshot=true, javascriptEnabled=true, setWindowRect=true, unexpectedAlertBehaviour=, applicationCacheEnabled=false, rotatable=false, networkConnectionEnabled=false, chrome={chromedriverVersion=2.42.591059 (a3d9684d10d61aa0c45f6723b327283be1ebaad8), userDataDir=/var/folders/bb/clhb17617j78yz2dwvbp4v3nddkf1c/T/.org.chromium.Chromium.uJ4hQs}, takesHeapSnapshot=true, pageLoadStrategy=normal, databaseEnabled=false, handlesAlerts=true, version=85.0.4183.102, browserConnectionEnabled=false, nativeEvents=true, locationContextEnabled=true, cssSelectorsEnabled=true}]
Session ID: 8cfaded7e136fd99bdd48cff79fb8072
	at cucumber.api.testng.TestNGCucumberRunner.runCucumber(TestNGCucumberRunner.java:69)
	at cucumber.api.testng.AbstractTestNGCucumberTests.feature(AbstractTestNGCucumberTests.java:21)
	at sun.reflect.NativeMethodAccessorImpl.invoke0(Native Method)
	at sun.reflect.NativeMethodAccessorImpl.invoke(NativeMethodAccessorImpl.java:62)
	at sun.reflect.DelegatingMethodAccessorImpl.invoke(DelegatingMethodAccessorImpl.java:43)
	at java.lang.reflect.Method.invoke(Method.java:498)
	at org.testng.internal.MethodInvocationHelper.invokeMethod(MethodInvocationHelper.java:86)
	at org.testng.internal.Invoker.invokeMethod(Invoker.java:643)
	at org.testng.internal.Invoker.invokeTestMethod(Invoker.java:820)
	at org.testng.internal.Invoker.invokeTestMethods(Invoker.java:1128)
	at org.testng.internal.TestMethodWorker.invokeTestMethods(TestMethodWorker.java:129)
	at org.testng.internal.TestMethodWorker.run(TestMethodWorker.java:112)
	at org.testng.TestRunner.privateRun(TestRunner.java:782)
	at org.testng.TestRunner.run(TestRunner.java:632)
	at org.testng.SuiteRunner.runTest(SuiteRunner.java:366)
	at org.testng.SuiteRunner.runSequentially(SuiteRunner.java:361)
	at org.testng.SuiteRunner.privateRun(SuiteRunner.java:319)
	at org.testng.SuiteRunner.run(SuiteRunner.java:268)
	at org.testng.SuiteRunnerWorker.runSuite(SuiteRunnerWorker.java:52)
	at org.testng.SuiteRunnerWorker.run(SuiteRunnerWorker.java:86)
	at org.testng.TestNG.runSuitesSequentially(TestNG.java:1244)
	at org.testng.TestNG.runSuitesLocally(TestNG.java:1169)
	at org.testng.TestNG.run(TestNG.java:1064)
	at org.testng.remote.AbstractRemoteTestNG.run(AbstractRemoteTestNG.java:115)
	at org.testng.remote.RemoteTestNG.initAndRun(RemoteTestNG.java:251)
	at org.testng.remote.RemoteTestNG.main(RemoteTestNG.java:77)
Caused by: org.openqa.selenium.WebDriverException: unknown error: Element <input class="gNO89b" value="Google Search" aria-label="Google Search" name="btnK" type="submit" data-ved="0ahUKEwiYx52EmfbrAhVCz4UKHRtiCG8Q4dUDCAw"> is not clickable at point (522, 419). Other element would receive the click: <iframe src="https://consent.google.com?hl=en-GB&amp;origin=https://www.google.com&amp;continue=https://www.google.com/?gws_rd%3Dssl&amp;if=1&amp;m=0&amp;pc=s&amp;wp=-1&amp;gl=GB&amp;uxe=4421591"></iframe>
  (Session info: chrome=85.0.4183.102)
  (Driver info: chromedriver=2.42.591059 (a3d9684d10d61aa0c45f6723b327283be1ebaad8),platform=Mac OS X 10.13.6 x86_64) (WARNING: The server did not provide any stacktrace information)
Command duration or timeout: 32 milliseconds
Build info: version: '2.53.0', revision: '35ae25b1534ae328c771e0856c93e187490ca824', time: '2016-03-15 10:43:46'
System info: host: 'WKMIN0752567', ip: '192.168.1.4', os.name: 'Mac OS X', os.arch: 'x86_64', os.version: '10.13.6', java.version: '1.8.0_181'
Driver info: org.openqa.selenium.chrome.ChromeDriver
Capabilities [{mobileEmulationEnabled=false, hasTouchScreen=false, platform=MAC, acceptSslCerts=false, goog:chromeOptions={debuggerAddress=localhost:51429}, acceptInsecureCerts=false, webStorageEnabled=true, browserName=chrome, takesScreenshot=true, javascriptEnabled=true, setWindowRect=true, unexpectedAlertBehaviour=, applicationCacheEnabled=false, rotatable=false, networkConnectionEnabled=false, chrome={chromedriverVersion=2.42.591059 (a3d9684d10d61aa0c45f6723b327283be1ebaad8), userDataDir=/var/folders/bb/clhb17617j78yz2dwvbp4v3nddkf1c/T/.org.chromium.Chromium.uJ4hQs}, takesHeapSnapshot=true, pageLoadStrategy=normal, databaseEnabled=false, handlesAlerts=true, version=85.0.4183.102, browserConnectionEnabled=false, nativeEvents=true, locationContextEnabled=true, cssSelectorsEnabled=true}]
Session ID: 8cfaded7e136fd99bdd48cff79fb8072
	at sun.reflect.NativeConstructorAccessorImpl.newInstance0(Native Method)
	at sun.reflect.NativeConstructorAccessorImpl.newInstance(NativeConstructorAccessorImpl.java:62)
	at sun.reflect.DelegatingConstructorAccessorImpl.newInstance(DelegatingConstructorAccessorImpl.java:45)
	at java.lang.reflect.Constructor.newInstance(Constructor.java:423)
	at org.openqa.selenium.remote.ErrorHandler.createThrowable(ErrorHandler.java:206)
	at org.openqa.selenium.remote.ErrorHandler.throwIfResponseFailed(ErrorHandler.java:158)
	at org.openqa.selenium.remote.RemoteWebDriver.execute(RemoteWebDriver.java:678)
	at org.openqa.selenium.remote.RemoteWebElement.execute(RemoteWebElement.java:327)
	at org.openqa.selenium.remote.RemoteWebElement.click(RemoteWebElement.java:85)
	at com.autoexsel.webdriver.wrapper.ActionManager.click(ActionManager.java:35)
	at autoexsel.cucumber.test.PerformGoogleSearch.user_clicks_on_search_button(PerformGoogleSearch.java:28)
	at âœ½.Then user clicks on search button(GoogleSearch.feature:11)
]]>
    </error>
  </testcase> <!-- feature -->
</testsuite> <!-- cucumberRunner.WebTestRunner -->
